c:\users\abbes\onedrive\desktop\fall 2020\cse335\step3\aqualand\aqualand\debug\aqualand.pch
c:\users\abbes\onedrive\desktop\fall 2020\cse335\step3\aqualand\aqualand\debug\vc142.pdb
c:\users\abbes\onedrive\desktop\fall 2020\cse335\step3\aqualand\aqualand\debug\vc142.idb
c:\users\abbes\onedrive\desktop\fall 2020\cse335\step3\aqualand\aqualand\debug\pch.obj
c:\users\abbes\onedrive\desktop\fall 2020\cse335\step3\aqualand\aqualand\debug\xmlnode.obj
c:\users\abbes\onedrive\desktop\fall 2020\cse335\step3\aqualand\aqualand\debug\mainfrm.obj
c:\users\abbes\onedrive\desktop\fall 2020\cse335\step3\aqualand\aqualand\debug\item.obj
c:\users\abbes\onedrive\desktop\fall 2020\cse335\step3\aqualand\aqualand\debug\fishbeta.obj
c:\users\abbes\onedrive\desktop\fall 2020\cse335\step3\aqualand\aqualand\debug\fish.obj
c:\users\abbes\onedrive\desktop\fall 2020\cse335\step3\aqualand\aqualand\debug\dory.obj
c:\users\abbes\onedrive\desktop\fall 2020\cse335\step3\aqualand\aqualand\debug\decorcastle.obj
c:\users\abbes\onedrive\desktop\fall 2020\cse335\step3\aqualand\aqualand\debug\childview.obj
c:\users\abbes\onedrive\desktop\fall 2020\cse335\step3\aqualand\aqualand\debug\carp.obj
c:\users\abbes\onedrive\desktop\fall 2020\cse335\step3\aqualand\aqualand\debug\aquarium.obj
c:\users\abbes\onedrive\desktop\fall 2020\cse335\step3\aqualand\aqualand\debug\aqualand.obj
c:\users\abbes\onedrive\desktop\fall 2020\cse335\step3\aqualand\aqualand\debug\anglerfish.obj
c:\users\abbes\onedrive\desktop\fall 2020\cse335\step3\aqualand\debug\aqualand.exe
c:\users\abbes\onedrive\desktop\fall 2020\cse335\step3\aqualand\debug\aqualand.ilk
c:\users\abbes\onedrive\desktop\fall 2020\cse335\step3\aqualand\debug\aqualand.pdb
c:\users\abbes\onedrive\desktop\fall 2020\cse335\step3\aqualand\aqualand\debug\aqualand.res
c:\users\abbes\onedrive\desktop\fall 2020\cse335\step3\aqualand\aqualand\debug\aqualand.tlog\cl.command.1.tlog
c:\users\abbes\onedrive\desktop\fall 2020\cse335\step3\aqualand\aqualand\debug\aqualand.tlog\cl.read.1.tlog
c:\users\abbes\onedrive\desktop\fall 2020\cse335\step3\aqualand\aqualand\debug\aqualand.tlog\cl.write.1.tlog
c:\users\abbes\onedrive\desktop\fall 2020\cse335\step3\aqualand\aqualand\debug\aqualand.tlog\link.command.1.tlog
c:\users\abbes\onedrive\desktop\fall 2020\cse335\step3\aqualand\aqualand\debug\aqualand.tlog\link.read.1.tlog
c:\users\abbes\onedrive\desktop\fall 2020\cse335\step3\aqualand\aqualand\debug\aqualand.tlog\link.write.1.tlog
c:\users\abbes\onedrive\desktop\fall 2020\cse335\step3\aqualand\aqualand\debug\aqualand.tlog\rc.command.1.tlog
c:\users\abbes\onedrive\desktop\fall 2020\cse335\step3\aqualand\aqualand\debug\aqualand.tlog\rc.read.1.tlog
c:\users\abbes\onedrive\desktop\fall 2020\cse335\step3\aqualand\aqualand\debug\aqualand.tlog\rc.write.1.tlog
